<?xml version="1.0" encoding="UTF-8"?>
<!-- Generated by org.testng.reporters.JUnitXMLReporter -->
<testsuite ignored="0" hostname="DESKTOP-55C00D3" failures="0" tests="5" name="Surefire test" time="1.623" errors="0" timestamp="2022-01-22T09:38:07 IST">
  <testcase classname="Tests.ProductTest" name="verifyGetRequest" time="0.869"/>
  <testcase classname="Tests.ProductTest" name="verifyGetRequestById" time="0.046"/>
  <testcase classname="Tests.ProductTest" name="verifyPostRequest" time="0.077"/>
  <testcase classname="Tests.ProductTest" name="verifyPutRequest" time="0.045"/>
  <testcase classname="Tests.ProductTest" name="verifyDeleteRequest" time="0.077"/>
</testsuite> <!-- Surefire test -->
