<?xml version="1.0" encoding="UTF-8"?>
<!-- Generated by org.testng.reporters.JUnitXMLReporter -->
<testsuite ignored="0" hostname="DESKTOP-55C00D3" failures="0" tests="5" name="Default test" time="2.216" errors="0" timestamp="2022-01-22T09:45:27 IST">
  <testcase classname="Tests.ProductTest" name="verifyGetRequest" time="1.292"/>
  <testcase classname="Tests.ProductTest" name="verifyGetRequestById" time="0.056"/>
  <testcase classname="Tests.ProductTest" name="verifyPostRequest" time="0.125"/>
  <testcase classname="Tests.ProductTest" name="verifyPutRequest" time="0.056"/>
  <testcase classname="Tests.ProductTest" name="verifyDeleteRequest" time="0.046"/>
</testsuite> <!-- Default test -->
