<?xml version="1.0" encoding="UTF-8"?>
<testsuite xmlns:xsi="http://www.w3.org/2001/XMLSchema-instance" xsi:noNamespaceSchemaLocation="https://maven.apache.org/surefire/maven-surefire-plugin/xsd/surefire-test-report.xsd" name="Tests.ProductTest" time="2.039" tests="5" errors="0" skipped="0" failures="0">
  <properties>
[...]
</properties>
  <testcase name="verifyGetRequest" classname="Tests.ProductTest" time="0.873"/>
  <testcase name="verifyGetRequestById" classname="Tests.ProductTest" time="0.048"/>
  <testcase name="verifyPostRequest" classname="Tests.ProductTest" time="0.08"/>
  <testcase name="verifyPutRequest" classname="Tests.ProductTest" time="0.044"/>
  <testcase name="verifyDeleteRequest" classname="Tests.ProductTest" time="0.078"/>
</testsuite>