<?xml version="1.0" encoding="UTF-8"?>
<testng-results ignored="0" total="5" passed="5" failed="0" skipped="0">
  <reporter-output>
  </reporter-output>
  <suite started-at="2022-01-22T09:38:05 IST" name="Surefire suite" finished-at="2022-01-22T09:38:07 IST" duration-ms="1623">
    <groups>
    </groups>
    <test started-at="2022-01-22T09:38:05 IST" name="Surefire test" finished-at="2022-01-22T09:38:07 IST" duration-ms="1623">
      <class name="Tests.ProductTest">
        <test-method is-config="true" signature="setUp()[pri:0, instance:Tests.ProductTest@7f416310]" started-at="2022-01-22T09:38:05 IST" name="setUp" finished-at="2022-01-22T09:38:06 IST" duration-ms="480" status="PASS">
          <reporter-output>
          </reporter-output>
        </test-method> <!-- setUp -->
        <test-method signature="verifyGetRequest()[pri:1, instance:Tests.ProductTest@7f416310]" started-at="2022-01-22T09:38:06 IST" name="verifyGetRequest" finished-at="2022-01-22T09:38:07 IST" duration-ms="869" status="PASS">
          <reporter-output>
          </reporter-output>
        </test-method> <!-- verifyGetRequest -->
        <test-method signature="verifyGetRequestById()[pri:2, instance:Tests.ProductTest@7f416310]" started-at="2022-01-22T09:38:07 IST" name="verifyGetRequestById" finished-at="2022-01-22T09:38:07 IST" duration-ms="46" status="PASS">
          <reporter-output>
          </reporter-output>
        </test-method> <!-- verifyGetRequestById -->
        <test-method signature="verifyPostRequest()[pri:3, instance:Tests.ProductTest@7f416310]" started-at="2022-01-22T09:38:07 IST" name="verifyPostRequest" finished-at="2022-01-22T09:38:07 IST" duration-ms="77" status="PASS">
          <reporter-output>
          </reporter-output>
        </test-method> <!-- verifyPostRequest -->
        <test-method signature="verifyPutRequest()[pri:4, instance:Tests.ProductTest@7f416310]" started-at="2022-01-22T09:38:07 IST" name="verifyPutRequest" finished-at="2022-01-22T09:38:07 IST" duration-ms="45" status="PASS">
          <reporter-output>
          </reporter-output>
        </test-method> <!-- verifyPutRequest -->
        <test-method signature="verifyDeleteRequest()[pri:5, instance:Tests.ProductTest@7f416310]" started-at="2022-01-22T09:38:07 IST" name="verifyDeleteRequest" finished-at="2022-01-22T09:38:07 IST" duration-ms="77" status="PASS">
          <reporter-output>
          </reporter-output>
        </test-method> <!-- verifyDeleteRequest -->
        <test-method is-config="true" signature="tearDown()[pri:0, instance:Tests.ProductTest@7f416310]" started-at="2022-01-22T09:38:07 IST" name="tearDown" finished-at="2022-01-22T09:38:07 IST" duration-ms="1" status="PASS">
          <reporter-output>
          </reporter-output>
        </test-method> <!-- tearDown -->
      </class> <!-- Tests.ProductTest -->
    </test> <!-- Surefire test -->
  </suite> <!-- Surefire suite -->
</testng-results>
